<?xml version="1.0" encoding="UTF-8"?>
<testng-results ignored="0" total="1" passed="1" failed="0" skipped="0">
  <reporter-output>
  </reporter-output>
  <suite started-at="2023-03-31T17:15:48 EDT" name="Default suite" finished-at="2023-03-31T17:16:12 EDT" duration-ms="24221">
    <groups>
    </groups>
    <test started-at="2023-03-31T17:15:48 EDT" name="Default test" finished-at="2023-03-31T17:16:12 EDT" duration-ms="24221">
      <class name="com.qa.fifa.SearchTest">
        <test-method signature="validationsearch()[pri:0, instance:com.qa.fifa.SearchTest@5bd03f44]" started-at="2023-03-31T17:15:48 EDT" name="validationsearch" finished-at="2023-03-31T17:16:12 EDT" duration-ms="24163" status="PASS">
          <reporter-output>
          </reporter-output>
        </test-method> <!-- validationsearch -->
      </class> <!-- com.qa.fifa.SearchTest -->
    </test> <!-- Default test -->
  </suite> <!-- Default suite -->
</testng-results>
